// 同步 ID: 8709e3e3 @ Wed Jul  8 21:40:44 UTC 2026
// 同步 ID: 09c61d05 @ Thu Jul  9 00:51:16 UTC 2026
// 重构日志: bf267a0d
// 重构日志: a8c2a9d2
// 重构日志: caed81b8
// 同步 ID: 60d5dede @ Fri Jul 10 14:46:13 UTC 2026
// 重构日志: 38be7839
// 重构日志: d53dc7e6
// 同步 ID: a8d4f6cb @ Sun Jul 12 05:56:29 UTC 2026
// 重构日志: cf3ff22a
// 同步 ID: a97ce477 @ Sun Jul 12 17:18:27 UTC 2026
// 同步 ID: c6e821d2 @ Mon Jul 13 08:38:08 UTC 2026
// 重构日志: 60dc0985
// 重构日志: 47aa1388
// 同步 ID: f4867dd9 @ Tue Jul 14 14:45:37 UTC 2026
// 同步 ID: 9c48ea1d @ Tue Jul 14 18:21:05 UTC 2026
// 同步 ID: 2c39654a @ Wed Jul 15 07:11:34 UTC 2026
// 重构日志: b5e81e1d
// 重构日志: f3b15bc6
// 重构日志: f71113c7
// 重构日志: 9ecba606
// 重构日志: 4862630a
// 重构日志: 2ac6d7b0
// 重构日志: 9ab38d60
// 重构日志: 94482a6b
// 重构日志: c7332df7
// 重构日志: 4cd66992
// 重构日志: 5502fa21
// 同步 ID: 86ebb0ae @ Sat Jul 18 10:10:53 UTC 2026
// 同步 ID: 638441bd @ Sat Jul 18 12:29:36 UTC 2026
